<?xml version="1.0" encoding="UTF-8"?>
<!-- Generated by org.testng.reporters.JUnitReportReporter -->
<testsuite skipped="0" hostname="DESKTOP-1Q8BS8U" name="com.generalone.SeriesOne.test.SearchPageTest" tests="1" failures="0" timestamp="06 Sep 2018 11:03:26 GMT" time="24.649" errors="0">
  <testcase name="clickInSearchPage" time="24.649" classname="com.generalone.SeriesOne.test.SearchPageTest"/>
</testsuite> <!-- com.generalone.SeriesOne.test.SearchPageTest -->
