<?xml version="1.0" encoding="UTF-8"?>
<!-- Generated by org.testng.reporters.JUnitReportReporter -->
<testsuite skipped="1" hostname="DESKTOP-1Q8BS8U" name="com.generalone.SeriesOne.test.SearchPageTest" tests="2" failures="0" timestamp="06 Sep 2018 12:51:48 GMT" time="100.010" errors="0">
  <testcase name="clickInSearchPage" time="45.906" classname="com.generalone.SeriesOne.test.SearchPageTest"/>
  <testcase name="clickInSearchPage" time="54.104" classname="com.generalone.SeriesOne.test.SearchPageTest">
    <skipped/>
  </testcase> <!-- clickInSearchPage -->
</testsuite> <!-- com.generalone.SeriesOne.test.SearchPageTest -->
