<?xml version="1.0" encoding="UTF-8"?>
<!-- Generated by org.testng.reporters.JUnitReportReporter -->
<testsuite skipped="0" hostname="DESKTOP-1Q8BS8U" name="com.generalone.SeriesOne.test.HomePageTest" tests="1" failures="0" timestamp="06 Sep 2018 12:51:48 GMT" time="17.521" errors="0">
  <testcase name="searchSomething" time="17.521" classname="com.generalone.SeriesOne.test.HomePageTest"/>
</testsuite> <!-- com.generalone.SeriesOne.test.HomePageTest -->
